[2024-11-27 19:47:58,667: INFO: main: Welcome to our custom logging]
[2024-11-28 15:27:28,694: INFO: common: yaml file: config\config.yaml loaded successfully]
[2024-11-28 15:27:28,701: INFO: common: yaml file: params.yaml loaded successfully]
[2024-11-28 15:27:28,703: INFO: common: created directory at: artifacts]
[2024-11-28 15:27:28,706: INFO: common: created directory at: artifacts/data_ingestion]
[2024-11-28 15:27:32,264: INFO: 1434958058: artifacts/data_ingestion/data.zip download! with following info: 
Connection: close
Content-Length: 7903594
Cache-Control: max-age=300
Content-Security-Policy: default-src 'none'; style-src 'unsafe-inline'; sandbox
Content-Type: application/zip
ETag: "dbc016a060da18070593b83afff580c9b300f0b6ea4147a7988433e04df246ca"
Strict-Transport-Security: max-age=31536000
X-Content-Type-Options: nosniff
X-Frame-Options: deny
X-XSS-Protection: 1; mode=block
X-GitHub-Request-Id: 495A:872BB:3F40D:4985C:67483E8A
Accept-Ranges: bytes
Date: Thu, 28 Nov 2024 09:57:31 GMT
Via: 1.1 varnish
X-Served-By: cache-hyd1100026-HYD
X-Cache: MISS
X-Cache-Hits: 0
X-Timer: S1732787851.749110,VS0,VE780
Vary: Authorization,Accept-Encoding,Origin
Access-Control-Allow-Origin: *
Cross-Origin-Resource-Policy: cross-origin
X-Fastly-Request-ID: c48acdbba021783893939023c8c06fc99c4ae11a
Expires: Thu, 28 Nov 2024 10:02:31 GMT
Source-Age: 0

]
[2024-11-28 17:44:28,088: INFO: common: yaml file: config\config.yaml loaded successfully]
[2024-11-28 17:44:28,091: INFO: common: yaml file: params.yaml loaded successfully]
[2024-11-28 17:44:28,097: INFO: common: created directory at: artifacts]
[2024-11-28 17:44:28,103: INFO: common: created directory at: artifacts/data_validation]
[2024-11-28 17:59:24,626: INFO: common: yaml file: config\config.yaml loaded successfully]
[2024-11-28 17:59:24,628: INFO: common: yaml file: params.yaml loaded successfully]
[2024-11-28 17:59:24,634: INFO: common: created directory at: artifacts]
[2024-11-28 17:59:24,636: INFO: common: created directory at: artifacts/data_validation]
[2024-11-28 17:59:39,293: INFO: common: yaml file: config\config.yaml loaded successfully]
[2024-11-28 17:59:39,305: INFO: common: yaml file: params.yaml loaded successfully]
[2024-11-28 17:59:39,308: INFO: common: created directory at: artifacts]
[2024-11-28 17:59:39,313: INFO: common: created directory at: artifacts/data_validation]
[2024-11-28 17:59:42,289: INFO: common: yaml file: config\config.yaml loaded successfully]
[2024-11-28 17:59:42,297: INFO: common: yaml file: params.yaml loaded successfully]
[2024-11-28 17:59:42,298: INFO: common: created directory at: artifacts]
[2024-11-28 17:59:42,302: INFO: common: created directory at: artifacts/data_validation]
[2024-11-28 18:00:30,033: INFO: common: yaml file: config\config.yaml loaded successfully]
[2024-11-28 18:00:30,039: INFO: common: yaml file: params.yaml loaded successfully]
[2024-11-28 18:00:30,044: INFO: common: created directory at: artifacts]
[2024-11-28 18:00:30,048: INFO: common: created directory at: artifacts/data_validation]
[2024-11-28 18:00:53,225: INFO: common: yaml file: config\config.yaml loaded successfully]
[2024-11-28 18:00:53,231: INFO: common: yaml file: params.yaml loaded successfully]
[2024-11-28 18:00:53,235: INFO: common: created directory at: artifacts]
[2024-11-28 18:00:53,237: INFO: common: created directory at: artifacts/data_validation]
[2024-11-28 19:53:14,458: INFO: config: PyTorch version 2.4.1 available.]
[2024-11-28 19:53:46,314: INFO: common: yaml file: config\config.yaml loaded successfully]
[2024-11-28 19:53:46,314: INFO: common: yaml file: params.yaml loaded successfully]
[2024-11-28 19:53:46,314: INFO: common: created directory at: artifacts]
[2024-11-28 19:53:46,314: INFO: common: created directory at: artifacts/data_transformation]
[2024-11-29 06:29:21,625: INFO: config: PyTorch version 2.4.1 available.]
[2024-11-29 06:29:51,511: INFO: common: yaml file: config\config.yaml loaded successfully]
[2024-11-29 06:29:51,519: INFO: common: yaml file: params.yaml loaded successfully]
[2024-11-29 06:29:51,520: INFO: common: created directory at: artifacts]
[2024-11-29 06:38:09,564: INFO: common: yaml file: config\config.yaml loaded successfully]
[2024-11-29 06:38:09,583: INFO: common: yaml file: params.yaml loaded successfully]
[2024-11-29 06:38:09,594: INFO: common: created directory at: artifacts]
[2024-11-29 06:38:09,606: INFO: common: created directory at: artifacts/model_trainer]
[2024-11-29 06:59:33,904: INFO: common: yaml file: config\config.yaml loaded successfully]
[2024-11-29 06:59:33,908: INFO: common: yaml file: params.yaml loaded successfully]
[2024-11-29 06:59:33,908: INFO: common: created directory at: artifacts]
[2024-11-29 06:59:33,926: INFO: common: created directory at: artifacts/model_trainer]
[2024-11-29 07:01:58,915: INFO: config: PyTorch version 2.4.1 available.]
[2024-11-29 07:02:10,599: INFO: common: yaml file: config\config.yaml loaded successfully]
[2024-11-29 07:02:10,605: INFO: common: yaml file: params.yaml loaded successfully]
[2024-11-29 07:02:10,608: INFO: common: created directory at: artifacts]
[2024-11-29 07:02:10,612: INFO: common: created directory at: artifacts/model_trainer]
[2024-11-29 07:47:18,321: INFO: common: yaml file: config\config.yaml loaded successfully]
[2024-11-29 07:47:18,370: INFO: common: yaml file: params.yaml loaded successfully]
[2024-11-29 07:47:18,388: INFO: common: created directory at: artifacts]
[2024-11-29 07:47:18,399: INFO: common: created directory at: artifacts/model_trainer]
[2024-11-29 20:49:35,307: INFO: config: PyTorch version 2.4.1 available.]
[2024-11-29 20:55:11,346: INFO: config: PyTorch version 2.4.1 available.]
[2024-11-29 20:55:25,910: INFO: common: yaml file: config\config.yaml loaded successfully]
[2024-11-29 20:55:25,921: INFO: common: yaml file: params.yaml loaded successfully]
[2024-11-29 20:55:25,924: INFO: common: created directory at: artifacts]
[2024-11-29 20:55:25,924: INFO: common: created directory at: artifacts/model_evaluation]
[2024-11-29 21:00:52,229: INFO: common: yaml file: config\config.yaml loaded successfully]
[2024-11-29 21:00:52,247: INFO: common: yaml file: params.yaml loaded successfully]
[2024-11-29 21:00:52,250: INFO: common: created directory at: artifacts]
[2024-11-29 21:00:52,252: INFO: common: created directory at: artifacts/model_evaluation]
[2024-11-29 21:02:29,447: INFO: config: PyTorch version 2.4.1 available.]
[2024-11-29 21:02:38,857: INFO: common: yaml file: config\config.yaml loaded successfully]
[2024-11-29 21:02:38,878: INFO: common: yaml file: params.yaml loaded successfully]
[2024-11-29 21:02:38,882: INFO: common: created directory at: artifacts]
[2024-11-29 21:02:38,886: INFO: common: created directory at: artifacts/model_evaluation]
[2024-11-29 21:08:06,197: INFO: rouge_scorer: Using default tokenizer.]
[2024-11-29 21:45:04,133: INFO: server: Started server process [12640]]
[2024-11-29 21:45:04,134: INFO: on: Waiting for application startup.]
[2024-11-29 21:45:04,135: INFO: on: Application startup complete.]
[2024-11-29 21:45:04,138: INFO: server: Uvicorn running on http://0.0.0.0:8080 (Press CTRL+C to quit)]
[2024-11-29 21:54:23,514: INFO: common: yaml file: config\config.yaml loaded successfully]
[2024-11-29 21:54:23,541: INFO: common: yaml file: params.yaml loaded successfully]
[2024-11-29 21:54:23,544: INFO: common: created directory at: artifacts]
[2024-11-29 21:54:23,547: INFO: common: created directory at: artifacts/model_evaluation]
[2024-11-29 21:55:37,796: INFO: server: Started server process [12884]]
[2024-11-29 21:55:37,796: INFO: on: Waiting for application startup.]
[2024-11-29 21:55:37,796: INFO: on: Application startup complete.]
[2024-11-29 21:55:37,814: INFO: server: Uvicorn running on http://0.0.0.0:8080 (Press CTRL+C to quit)]
[2024-11-29 21:56:27,016: INFO: common: yaml file: config\config.yaml loaded successfully]
[2024-11-29 21:56:27,023: INFO: common: yaml file: params.yaml loaded successfully]
[2024-11-29 21:56:27,023: INFO: common: created directory at: artifacts]
[2024-11-29 21:56:27,029: INFO: common: created directory at: artifacts/model_evaluation]
[2024-11-29 22:01:08,629: INFO: server: Started server process [31044]]
[2024-11-29 22:01:08,647: INFO: on: Waiting for application startup.]
[2024-11-29 22:01:08,647: INFO: on: Application startup complete.]
[2024-11-29 22:01:08,647: INFO: server: Uvicorn running on http://0.0.0.0:8080 (Press CTRL+C to quit)]
[2024-11-29 22:01:40,929: INFO: common: yaml file: config\config.yaml loaded successfully]
[2024-11-29 22:01:40,943: INFO: common: yaml file: params.yaml loaded successfully]
[2024-11-29 22:01:40,943: INFO: common: created directory at: artifacts]
[2024-11-29 22:01:40,943: INFO: common: created directory at: artifacts/model_evaluation]
[2024-11-29 22:11:23,669: INFO: server: Shutting down]
[2024-11-29 22:11:23,771: INFO: on: Waiting for application shutdown.]
[2024-11-29 22:11:23,771: INFO: on: Application shutdown complete.]
[2024-11-29 22:11:23,771: INFO: server: Finished server process [31044]]
